2026-05-28T16:03:29.953+07:00  INFO 24836 --- [Demo_Api_Hackaton_Test] [restartedMain] ra.edu.DemoApiHackatonTestApplication    : Starting DemoApiHackatonTestApplication using Java 21.0.9 with PID 24836 (D:\RIKKEI\LOP HOC\K24_PTIT\CNTT2\5. Java Webservices\Session 13\Demo_Api_Hackaton_Test\build\classes\java\main started by bthai in D:\RIKKEI\LOP HOC\K24_PTIT\CNTT2\5. Java Webservices\Session 13\Demo_Api_Hackaton_Test)
2026-05-28T16:03:29.957+07:00  INFO 24836 --- [Demo_Api_Hackaton_Test] [restartedMain] ra.edu.DemoApiHackatonTestApplication    : No active profile set, falling back to 1 default profile: "default"
2026-05-28T16:03:30.004+07:00  INFO 24836 --- [Demo_Api_Hackaton_Test] [restartedMain] .e.DevToolsPropertyDefaultsPostProcessor : Devtools property defaults active! Set 'spring.devtools.add-properties' to 'false' to disable
2026-05-28T16:03:30.013+07:00  INFO 24836 --- [Demo_Api_Hackaton_Test] [restartedMain] .e.DevToolsPropertyDefaultsPostProcessor : For additional web related logging consider setting the 'logging.level.web' property to 'DEBUG'
2026-05-28T16:03:30.586+07:00  INFO 24836 --- [Demo_Api_Hackaton_Test] [restartedMain] .s.d.r.c.RepositoryConfigurationDelegate : Bootstrapping Spring Data JPA repositories in DEFAULT mode.
2026-05-28T16:03:30.634+07:00  INFO 24836 --- [Demo_Api_Hackaton_Test] [restartedMain] .s.d.r.c.RepositoryConfigurationDelegate : Finished Spring Data repository scanning in 38 ms. Found 1 JPA repository interface.
2026-05-28T16:03:31.150+07:00  INFO 24836 --- [Demo_Api_Hackaton_Test] [restartedMain] o.s.boot.tomcat.TomcatWebServer          : Tomcat initialized with port 8080 (http)
2026-05-28T16:03:31.161+07:00  INFO 24836 --- [Demo_Api_Hackaton_Test] [restartedMain] o.apache.catalina.core.StandardService   : Starting service [Tomcat]
2026-05-28T16:03:31.161+07:00  INFO 24836 --- [Demo_Api_Hackaton_Test] [restartedMain] o.apache.catalina.core.StandardEngine    : Starting Servlet engine: [Apache Tomcat/11.0.21]
2026-05-28T16:03:31.198+07:00  INFO 24836 --- [Demo_Api_Hackaton_Test] [restartedMain] b.w.c.s.WebApplicationContextInitializer : Root WebApplicationContext: initialization completed in 1184 ms
2026-05-28T16:03:31.386+07:00  INFO 24836 --- [Demo_Api_Hackaton_Test] [restartedMain] org.hibernate.orm.jpa                    : HHH008540: Processing PersistenceUnitInfo [name: default]
2026-05-28T16:03:31.447+07:00  INFO 24836 --- [Demo_Api_Hackaton_Test] [restartedMain] org.hibernate.orm.core                   : HHH000001: Hibernate ORM core version 7.2.12.Final
2026-05-28T16:03:31.875+07:00  INFO 24836 --- [Demo_Api_Hackaton_Test] [restartedMain] o.s.o.j.p.SpringPersistenceUnitInfo      : No LoadTimeWeaver setup: ignoring JPA class transformer
2026-05-28T16:03:31.908+07:00  INFO 24836 --- [Demo_Api_Hackaton_Test] [restartedMain] com.zaxxer.hikari.HikariDataSource       : HikariPool-1 - Starting...
2026-05-28T16:03:32.196+07:00  INFO 24836 --- [Demo_Api_Hackaton_Test] [restartedMain] com.zaxxer.hikari.pool.HikariPool        : HikariPool-1 - Added connection com.mysql.cj.jdbc.ConnectionImpl@766db0c6
2026-05-28T16:03:32.198+07:00  INFO 24836 --- [Demo_Api_Hackaton_Test] [restartedMain] com.zaxxer.hikari.HikariDataSource       : HikariPool-1 - Start completed.
2026-05-28T16:03:32.241+07:00  WARN 24836 --- [Demo_Api_Hackaton_Test] [restartedMain] org.hibernate.orm.deprecation            : HHH90000025: MySQLDialect does not need to be specified explicitly using 'hibernate.dialect' (remove the property setting and it will be selected by default)
2026-05-28T16:03:32.257+07:00  INFO 24836 --- [Demo_Api_Hackaton_Test] [restartedMain] org.hibernate.orm.connections.pooling    : HHH10001005: Database info:
	Database JDBC URL [jdbc:mysql://localhost:3306/db_cntt2_hackathon_api?createDatabaseIfNotExist=true]
	Database driver: MySQL Connector/J
	Database dialect: MySQLDialect
	Database version: 8.0.45
	Default catalog/schema: db_cntt2_hackathon_api/undefined
	Autocommit mode: undefined/unknown
	Isolation level: REPEATABLE_READ [default REPEATABLE_READ]
	JDBC fetch size: none
	Pool: DataSourceConnectionProvider
	Minimum pool size: undefined/unknown
	Maximum pool size: undefined/unknown
2026-05-28T16:03:33.082+07:00  INFO 24836 --- [Demo_Api_Hackaton_Test] [restartedMain] org.hibernate.orm.core                   : HHH000489: No JTA platform available (set 'hibernate.transaction.jta.platform' to enable JTA platform integration)
2026-05-28T16:03:33.143+07:00  INFO 24836 --- [Demo_Api_Hackaton_Test] [restartedMain] j.LocalContainerEntityManagerFactoryBean : Initialized JPA EntityManagerFactory for persistence unit 'default'
2026-05-28T16:03:33.272+07:00  INFO 24836 --- [Demo_Api_Hackaton_Test] [restartedMain] o.s.d.j.r.query.QueryEnhancerFactories   : Hibernate is in classpath; If applicable, HQL parser will be used.
2026-05-28T16:03:33.474+07:00  WARN 24836 --- [Demo_Api_Hackaton_Test] [restartedMain] JpaBaseConfiguration$JpaWebConfiguration : spring.jpa.open-in-view is enabled by default. Therefore, database queries may be performed during view rendering. Explicitly configure spring.jpa.open-in-view to disable this warning
2026-05-28T16:03:33.894+07:00  INFO 24836 --- [Demo_Api_Hackaton_Test] [restartedMain] o.s.boot.tomcat.TomcatWebServer          : Tomcat started on port 8080 (http) with context path '/'
2026-05-28T16:03:33.898+07:00  INFO 24836 --- [Demo_Api_Hackaton_Test] [restartedMain] ra.edu.DemoApiHackatonTestApplication    : Started DemoApiHackatonTestApplication in 4.322 seconds (process running for 5.002)
2026-05-28T16:03:40.150+07:00  INFO 24836 --- [Demo_Api_Hackaton_Test] [http-nio-8080-exec-3] o.a.c.c.C.[Tomcat].[localhost].[/]       : Initializing Spring DispatcherServlet 'dispatcherServlet'
2026-05-28T16:03:40.150+07:00  INFO 24836 --- [Demo_Api_Hackaton_Test] [http-nio-8080-exec-3] o.s.web.servlet.DispatcherServlet        : Initializing Servlet 'dispatcherServlet'
2026-05-28T16:03:40.152+07:00  INFO 24836 --- [Demo_Api_Hackaton_Test] [http-nio-8080-exec-3] o.s.web.servlet.DispatcherServlet        : Completed initialization in 1 ms
2026-05-28T16:03:40.238+07:00  INFO 24836 --- [Demo_Api_Hackaton_Test] [http-nio-8080-exec-3] ra.edu.aop.LoggingAop                    : Phương thức getMedications được gọi
2026-05-28T16:04:15.793+07:00  WARN 24836 --- [Demo_Api_Hackaton_Test] [http-nio-8080-exec-4] .m.m.a.ExceptionHandlerExceptionResolver : Resolved [org.springframework.web.bind.MethodArgumentNotValidException: Validation failed for argument [0] in public org.springframework.http.ResponseEntity<ra.edu.model.dto.response.ApiDataResponse<ra.edu.model.entity.Medication>> ra.edu.controller.MedicationController.insertMedication(ra.edu.model.dto.request.MedicationDTORequest) with 5 errors: [Field error in object 'medicationDTORequest' on field 'price': rejected value [null]; codes [NotNull.medicationDTORequest.price,NotNull.price,NotNull.java.lang.Double,NotNull]; arguments [org.springframework.context.support.DefaultMessageSourceResolvable: codes [medicationDTORequest.price,price]; arguments []; default message [price]]; default message [Không được để trống giá bán]] [Field error in object 'medicationDTORequest' on field 'name': rejected value [null]; codes [NotBlank.medicationDTORequest.name,NotBlank.name,NotBlank.java.lang.String,NotBlank]; arguments [org.springframework.context.support.DefaultMessageSourceResolvable: codes [medicationDTORequest.name,name]; arguments []; default message [name]]; default message [Không được để trống tên thuốc]] [Field error in object 'medicationDTORequest' on field 'status': rejected value [null]; codes [NotNull.medicationDTORequest.status,NotNull.status,NotNull.ra.edu.model.entity.StatusType,NotNull]; arguments [org.springframework.context.support.DefaultMessageSourceResolvable: codes [medicationDTORequest.status,status]; arguments []; default message [status]]; default message [Không được để trống trạng thái thuốc]] [Field error in object 'medicationDTORequest' on field 'manufacturer': rejected value [null]; codes [NotBlank.medicationDTORequest.manufacturer,NotBlank.manufacturer,NotBlank.java.lang.String,NotBlank]; arguments [org.springframework.context.support.DefaultMessageSourceResolvable: codes [medicationDTORequest.manufacturer,manufacturer]; arguments []; default message [manufacturer]]; default message [Không được để trống tên nhà sản xuất]] [Field error in object 'medicationDTORequest' on field 'isDelete': rejected value [null]; codes [NotNull.medicationDTORequest.isDelete,NotNull.isDelete,NotNull.java.lang.Boolean,NotNull]; arguments [org.springframework.context.support.DefaultMessageSourceResolvable: codes [medicationDTORequest.isDelete,isDelete]; arguments []; default message [isDelete]]; default message [Không được để trống trạng thái xóa]] ]
2026-05-28T16:05:32.931+07:00  INFO 24836 --- [Demo_Api_Hackaton_Test] [File Watcher] rtingClassPathChangeChangedEventListener : Restarting due to 1 class path change (0 additions, 1 deletion, 0 modifications)
2026-05-28T16:05:32.940+07:00  INFO 24836 --- [Demo_Api_Hackaton_Test] [Thread-1] o.s.boot.tomcat.GracefulShutdown         : Commencing graceful shutdown. Waiting for active requests to complete
2026-05-28T16:05:32.949+07:00  INFO 24836 --- [Demo_Api_Hackaton_Test] [tomcat-shutdown] o.s.boot.tomcat.GracefulShutdown         : Graceful shutdown complete
2026-05-28T16:05:32.952+07:00  INFO 24836 --- [Demo_Api_Hackaton_Test] [Thread-1] j.LocalContainerEntityManagerFactoryBean : Closing JPA EntityManagerFactory for persistence unit 'default'
2026-05-28T16:05:32.957+07:00  INFO 24836 --- [Demo_Api_Hackaton_Test] [Thread-1] com.zaxxer.hikari.HikariDataSource       : HikariPool-1 - Shutdown initiated...
2026-05-28T16:05:32.964+07:00  INFO 24836 --- [Demo_Api_Hackaton_Test] [Thread-1] com.zaxxer.hikari.HikariDataSource       : HikariPool-1 - Shutdown completed.
2026-05-28T16:05:33.082+07:00  INFO 24836 --- [Demo_Api_Hackaton_Test] [restartedMain] ra.edu.DemoApiHackatonTestApplication    : Starting DemoApiHackatonTestApplication using Java 21.0.9 with PID 24836 (D:\RIKKEI\LOP HOC\K24_PTIT\CNTT2\5. Java Webservices\Session 13\Demo_Api_Hackaton_Test\build\classes\java\main started by bthai in D:\RIKKEI\LOP HOC\K24_PTIT\CNTT2\5. Java Webservices\Session 13\Demo_Api_Hackaton_Test)
2026-05-28T16:05:33.083+07:00  INFO 24836 --- [Demo_Api_Hackaton_Test] [restartedMain] ra.edu.DemoApiHackatonTestApplication    : No active profile set, falling back to 1 default profile: "default"
2026-05-28T16:05:33.319+07:00  INFO 24836 --- [Demo_Api_Hackaton_Test] [restartedMain] .s.d.r.c.RepositoryConfigurationDelegate : Bootstrapping Spring Data JPA repositories in DEFAULT mode.
2026-05-28T16:05:33.343+07:00  INFO 24836 --- [Demo_Api_Hackaton_Test] [restartedMain] .s.d.r.c.RepositoryConfigurationDelegate : Finished Spring Data repository scanning in 21 ms. Found 1 JPA repository interface.
2026-05-28T16:05:33.564+07:00  INFO 24836 --- [Demo_Api_Hackaton_Test] [restartedMain] o.s.boot.tomcat.TomcatWebServer          : Tomcat initialized with port 8080 (http)
2026-05-28T16:05:33.565+07:00  INFO 24836 --- [Demo_Api_Hackaton_Test] [restartedMain] o.apache.catalina.core.StandardService   : Starting service [Tomcat]
2026-05-28T16:05:33.565+07:00  INFO 24836 --- [Demo_Api_Hackaton_Test] [restartedMain] o.apache.catalina.core.StandardEngine    : Starting Servlet engine: [Apache Tomcat/11.0.21]
2026-05-28T16:05:33.595+07:00  INFO 24836 --- [Demo_Api_Hackaton_Test] [restartedMain] b.w.c.s.WebApplicationContextInitializer : Root WebApplicationContext: initialization completed in 510 ms
2026-05-28T16:05:33.651+07:00  INFO 24836 --- [Demo_Api_Hackaton_Test] [restartedMain] org.hibernate.orm.jpa                    : HHH008540: Processing PersistenceUnitInfo [name: default]
2026-05-28T16:05:33.681+07:00  INFO 24836 --- [Demo_Api_Hackaton_Test] [restartedMain] o.s.o.j.p.SpringPersistenceUnitInfo      : No LoadTimeWeaver setup: ignoring JPA class transformer
2026-05-28T16:05:33.682+07:00  INFO 24836 --- [Demo_Api_Hackaton_Test] [restartedMain] com.zaxxer.hikari.HikariDataSource       : HikariPool-2 - Starting...
2026-05-28T16:05:33.695+07:00  INFO 24836 --- [Demo_Api_Hackaton_Test] [restartedMain] com.zaxxer.hikari.pool.HikariPool        : HikariPool-2 - Added connection com.mysql.cj.jdbc.ConnectionImpl@16d51ef0
2026-05-28T16:05:33.695+07:00  INFO 24836 --- [Demo_Api_Hackaton_Test] [restartedMain] com.zaxxer.hikari.HikariDataSource       : HikariPool-2 - Start completed.
2026-05-28T16:05:33.696+07:00  WARN 24836 --- [Demo_Api_Hackaton_Test] [restartedMain] org.hibernate.orm.deprecation            : HHH90000025: MySQLDialect does not need to be specified explicitly using 'hibernate.dialect' (remove the property setting and it will be selected by default)
2026-05-28T16:05:33.697+07:00  INFO 24836 --- [Demo_Api_Hackaton_Test] [restartedMain] org.hibernate.orm.connections.pooling    : HHH10001005: Database info:
	Database JDBC URL [jdbc:mysql://localhost:3306/db_cntt2_hackathon_api?createDatabaseIfNotExist=true]
	Database driver: MySQL Connector/J
	Database dialect: MySQLDialect
	Database version: 8.0.45
	Default catalog/schema: db_cntt2_hackathon_api/undefined
	Autocommit mode: undefined/unknown
	Isolation level: REPEATABLE_READ [default REPEATABLE_READ]
	JDBC fetch size: none
	Pool: DataSourceConnectionProvider
	Minimum pool size: undefined/unknown
	Maximum pool size: undefined/unknown
2026-05-28T16:05:33.732+07:00  INFO 24836 --- [Demo_Api_Hackaton_Test] [restartedMain] org.hibernate.orm.core                   : HHH000489: No JTA platform available (set 'hibernate.transaction.jta.platform' to enable JTA platform integration)
2026-05-28T16:05:33.746+07:00  INFO 24836 --- [Demo_Api_Hackaton_Test] [restartedMain] j.LocalContainerEntityManagerFactoryBean : Initialized JPA EntityManagerFactory for persistence unit 'default'
2026-05-28T16:05:34.027+07:00  WARN 24836 --- [Demo_Api_Hackaton_Test] [restartedMain] JpaBaseConfiguration$JpaWebConfiguration : spring.jpa.open-in-view is enabled by default. Therefore, database queries may be performed during view rendering. Explicitly configure spring.jpa.open-in-view to disable this warning
2026-05-28T16:05:34.350+07:00  INFO 24836 --- [Demo_Api_Hackaton_Test] [restartedMain] o.s.boot.tomcat.TomcatWebServer          : Tomcat started on port 8080 (http) with context path '/'
2026-05-28T16:05:34.353+07:00  INFO 24836 --- [Demo_Api_Hackaton_Test] [restartedMain] ra.edu.DemoApiHackatonTestApplication    : Started DemoApiHackatonTestApplication in 1.314 seconds (process running for 125.456)
2026-05-28T16:05:34.355+07:00  INFO 24836 --- [Demo_Api_Hackaton_Test] [restartedMain] .ConditionEvaluationDeltaLoggingListener : Condition evaluation unchanged
2026-05-28T16:05:35.718+07:00  INFO 24836 --- [Demo_Api_Hackaton_Test] [File Watcher] rtingClassPathChangeChangedEventListener : Restarting due to 1 class path change (1 addition, 0 deletions, 0 modifications)
2026-05-28T16:05:35.720+07:00  INFO 24836 --- [Demo_Api_Hackaton_Test] [Thread-5] o.s.boot.tomcat.GracefulShutdown         : Commencing graceful shutdown. Waiting for active requests to complete
2026-05-28T16:05:35.725+07:00  INFO 24836 --- [Demo_Api_Hackaton_Test] [tomcat-shutdown] o.s.boot.tomcat.GracefulShutdown         : Graceful shutdown complete
2026-05-28T16:05:35.727+07:00  INFO 24836 --- [Demo_Api_Hackaton_Test] [Thread-5] j.LocalContainerEntityManagerFactoryBean : Closing JPA EntityManagerFactory for persistence unit 'default'
2026-05-28T16:05:35.728+07:00  INFO 24836 --- [Demo_Api_Hackaton_Test] [Thread-5] com.zaxxer.hikari.HikariDataSource       : HikariPool-2 - Shutdown initiated...
2026-05-28T16:05:35.730+07:00  INFO 24836 --- [Demo_Api_Hackaton_Test] [Thread-5] com.zaxxer.hikari.HikariDataSource       : HikariPool-2 - Shutdown completed.
2026-05-28T16:05:35.826+07:00  INFO 24836 --- [Demo_Api_Hackaton_Test] [restartedMain] ra.edu.DemoApiHackatonTestApplication    : Starting DemoApiHackatonTestApplication using Java 21.0.9 with PID 24836 (D:\RIKKEI\LOP HOC\K24_PTIT\CNTT2\5. Java Webservices\Session 13\Demo_Api_Hackaton_Test\build\classes\java\main started by bthai in D:\RIKKEI\LOP HOC\K24_PTIT\CNTT2\5. Java Webservices\Session 13\Demo_Api_Hackaton_Test)
2026-05-28T16:05:35.826+07:00  INFO 24836 --- [Demo_Api_Hackaton_Test] [restartedMain] ra.edu.DemoApiHackatonTestApplication    : No active profile set, falling back to 1 default profile: "default"
2026-05-28T16:05:36.296+07:00  INFO 24836 --- [Demo_Api_Hackaton_Test] [restartedMain] .s.d.r.c.RepositoryConfigurationDelegate : Bootstrapping Spring Data JPA repositories in DEFAULT mode.
2026-05-28T16:05:36.389+07:00  INFO 24836 --- [Demo_Api_Hackaton_Test] [restartedMain] .s.d.r.c.RepositoryConfigurationDelegate : Finished Spring Data repository scanning in 23 ms. Found 1 JPA repository interface.
2026-05-28T16:05:36.556+07:00  INFO 24836 --- [Demo_Api_Hackaton_Test] [restartedMain] o.s.boot.tomcat.TomcatWebServer          : Tomcat initialized with port 8080 (http)
2026-05-28T16:05:36.557+07:00  INFO 24836 --- [Demo_Api_Hackaton_Test] [restartedMain] o.apache.catalina.core.StandardService   : Starting service [Tomcat]
2026-05-28T16:05:36.557+07:00  INFO 24836 --- [Demo_Api_Hackaton_Test] [restartedMain] o.apache.catalina.core.StandardEngine    : Starting Servlet engine: [Apache Tomcat/11.0.21]
2026-05-28T16:05:36.582+07:00  INFO 24836 --- [Demo_Api_Hackaton_Test] [restartedMain] b.w.c.s.WebApplicationContextInitializer : Root WebApplicationContext: initialization completed in 753 ms
2026-05-28T16:05:36.700+07:00  INFO 24836 --- [Demo_Api_Hackaton_Test] [restartedMain] org.hibernate.orm.jpa                    : HHH008540: Processing PersistenceUnitInfo [name: default]
2026-05-28T16:05:36.739+07:00  INFO 24836 --- [Demo_Api_Hackaton_Test] [restartedMain] o.s.o.j.p.SpringPersistenceUnitInfo      : No LoadTimeWeaver setup: ignoring JPA class transformer
2026-05-28T16:05:36.741+07:00  INFO 24836 --- [Demo_Api_Hackaton_Test] [restartedMain] com.zaxxer.hikari.HikariDataSource       : HikariPool-3 - Starting...
2026-05-28T16:05:36.757+07:00  INFO 24836 --- [Demo_Api_Hackaton_Test] [restartedMain] com.zaxxer.hikari.pool.HikariPool        : HikariPool-3 - Added connection com.mysql.cj.jdbc.ConnectionImpl@54bfdf1a
2026-05-28T16:05:36.757+07:00  INFO 24836 --- [Demo_Api_Hackaton_Test] [restartedMain] com.zaxxer.hikari.HikariDataSource       : HikariPool-3 - Start completed.
2026-05-28T16:05:36.759+07:00  WARN 24836 --- [Demo_Api_Hackaton_Test] [restartedMain] org.hibernate.orm.deprecation            : HHH90000025: MySQLDialect does not need to be specified explicitly using 'hibernate.dialect' (remove the property setting and it will be selected by default)
2026-05-28T16:05:36.760+07:00  INFO 24836 --- [Demo_Api_Hackaton_Test] [restartedMain] org.hibernate.orm.connections.pooling    : HHH10001005: Database info:
	Database JDBC URL [jdbc:mysql://localhost:3306/db_cntt2_hackathon_api?createDatabaseIfNotExist=true]
	Database driver: MySQL Connector/J
	Database dialect: MySQLDialect
	Database version: 8.0.45
	Default catalog/schema: db_cntt2_hackathon_api/undefined
	Autocommit mode: undefined/unknown
	Isolation level: REPEATABLE_READ [default REPEATABLE_READ]
	JDBC fetch size: none
	Pool: DataSourceConnectionProvider
	Minimum pool size: undefined/unknown
	Maximum pool size: undefined/unknown
2026-05-28T16:05:36.815+07:00  INFO 24836 --- [Demo_Api_Hackaton_Test] [restartedMain] org.hibernate.orm.core                   : HHH000489: No JTA platform available (set 'hibernate.transaction.jta.platform' to enable JTA platform integration)
2026-05-28T16:05:36.825+07:00  INFO 24836 --- [Demo_Api_Hackaton_Test] [restartedMain] j.LocalContainerEntityManagerFactoryBean : Initialized JPA EntityManagerFactory for persistence unit 'default'
2026-05-28T16:05:36.976+07:00  WARN 24836 --- [Demo_Api_Hackaton_Test] [restartedMain] JpaBaseConfiguration$JpaWebConfiguration : spring.jpa.open-in-view is enabled by default. Therefore, database queries may be performed during view rendering. Explicitly configure spring.jpa.open-in-view to disable this warning
2026-05-28T16:05:37.226+07:00  INFO 24836 --- [Demo_Api_Hackaton_Test] [restartedMain] o.s.boot.tomcat.TomcatWebServer          : Tomcat started on port 8080 (http) with context path '/'
2026-05-28T16:05:37.227+07:00  INFO 24836 --- [Demo_Api_Hackaton_Test] [restartedMain] ra.edu.DemoApiHackatonTestApplication    : Started DemoApiHackatonTestApplication in 1.441 seconds (process running for 128.331)
2026-05-28T16:05:37.228+07:00  INFO 24836 --- [Demo_Api_Hackaton_Test] [restartedMain] .ConditionEvaluationDeltaLoggingListener : Condition evaluation unchanged
2026-05-28T16:05:37.786+07:00  INFO 24836 --- [Demo_Api_Hackaton_Test] [http-nio-8080-exec-2] o.a.c.c.C.[Tomcat].[localhost].[/]       : Initializing Spring DispatcherServlet 'dispatcherServlet'
2026-05-28T16:05:37.786+07:00  INFO 24836 --- [Demo_Api_Hackaton_Test] [http-nio-8080-exec-2] o.s.web.servlet.DispatcherServlet        : Initializing Servlet 'dispatcherServlet'
2026-05-28T16:05:37.787+07:00  INFO 24836 --- [Demo_Api_Hackaton_Test] [http-nio-8080-exec-2] o.s.web.servlet.DispatcherServlet        : Completed initialization in 1 ms
2026-05-28T16:05:37.810+07:00 ERROR 24836 --- [Demo_Api_Hackaton_Test] [http-nio-8080-exec-2] r.edu.advice.MedicationControllerAdvice  : Lỗi: {isDelete=Không được để trống trạng thái xóa, manufacturer=Không được để trống tên nhà sản xuất, name=Không được để trống tên thuốc, price=Không được để trống giá bán, status=Không được để trống trạng thái thuốc}
2026-05-28T16:05:37.819+07:00  WARN 24836 --- [Demo_Api_Hackaton_Test] [http-nio-8080-exec-2] .m.m.a.ExceptionHandlerExceptionResolver : Resolved [org.springframework.web.bind.MethodArgumentNotValidException: Validation failed for argument [0] in public org.springframework.http.ResponseEntity<ra.edu.model.dto.response.ApiDataResponse<ra.edu.model.entity.Medication>> ra.edu.controller.MedicationController.insertMedication(ra.edu.model.dto.request.MedicationDTORequest) with 5 errors: [Field error in object 'medicationDTORequest' on field 'isDelete': rejected value [null]; codes [NotNull.medicationDTORequest.isDelete,NotNull.isDelete,NotNull.java.lang.Boolean,NotNull]; arguments [org.springframework.context.support.DefaultMessageSourceResolvable: codes [medicationDTORequest.isDelete,isDelete]; arguments []; default message [isDelete]]; default message [Không được để trống trạng thái xóa]] [Field error in object 'medicationDTORequest' on field 'name': rejected value [null]; codes [NotBlank.medicationDTORequest.name,NotBlank.name,NotBlank.java.lang.String,NotBlank]; arguments [org.springframework.context.support.DefaultMessageSourceResolvable: codes [medicationDTORequest.name,name]; arguments []; default message [name]]; default message [Không được để trống tên thuốc]] [Field error in object 'medicationDTORequest' on field 'price': rejected value [null]; codes [NotNull.medicationDTORequest.price,NotNull.price,NotNull.java.lang.Double,NotNull]; arguments [org.springframework.context.support.DefaultMessageSourceResolvable: codes [medicationDTORequest.price,price]; arguments []; default message [price]]; default message [Không được để trống giá bán]] [Field error in object 'medicationDTORequest' on field 'status': rejected value [null]; codes [NotNull.medicationDTORequest.status,NotNull.status,NotNull.ra.edu.model.entity.StatusType,NotNull]; arguments [org.springframework.context.support.DefaultMessageSourceResolvable: codes [medicationDTORequest.status,status]; arguments []; default message [status]]; default message [Không được để trống trạng thái thuốc]] [Field error in object 'medicationDTORequest' on field 'manufacturer': rejected value [null]; codes [NotBlank.medicationDTORequest.manufacturer,NotBlank.manufacturer,NotBlank.java.lang.String,NotBlank]; arguments [org.springframework.context.support.DefaultMessageSourceResolvable: codes [medicationDTORequest.manufacturer,manufacturer]; arguments []; default message [manufacturer]]; default message [Không được để trống tên nhà sản xuất]] ]
2026-05-28T16:06:29.300+07:00  INFO 24836 --- [Demo_Api_Hackaton_Test] [File Watcher] rtingClassPathChangeChangedEventListener : Restarting due to 1 class path change (0 additions, 1 deletion, 0 modifications)
2026-05-28T16:06:29.302+07:00  INFO 24836 --- [Demo_Api_Hackaton_Test] [Thread-9] o.s.boot.tomcat.GracefulShutdown         : Commencing graceful shutdown. Waiting for active requests to complete
2026-05-28T16:06:29.308+07:00  INFO 24836 --- [Demo_Api_Hackaton_Test] [tomcat-shutdown] o.s.boot.tomcat.GracefulShutdown         : Graceful shutdown complete
2026-05-28T16:06:29.310+07:00  INFO 24836 --- [Demo_Api_Hackaton_Test] [Thread-9] j.LocalContainerEntityManagerFactoryBean : Closing JPA EntityManagerFactory for persistence unit 'default'
2026-05-28T16:06:29.311+07:00  INFO 24836 --- [Demo_Api_Hackaton_Test] [Thread-9] com.zaxxer.hikari.HikariDataSource       : HikariPool-3 - Shutdown initiated...
2026-05-28T16:06:29.314+07:00  INFO 24836 --- [Demo_Api_Hackaton_Test] [Thread-9] com.zaxxer.hikari.HikariDataSource       : HikariPool-3 - Shutdown completed.
2026-05-28T16:06:29.387+07:00  INFO 24836 --- [Demo_Api_Hackaton_Test] [restartedMain] ra.edu.DemoApiHackatonTestApplication    : Starting DemoApiHackatonTestApplication using Java 21.0.9 with PID 24836 (D:\RIKKEI\LOP HOC\K24_PTIT\CNTT2\5. Java Webservices\Session 13\Demo_Api_Hackaton_Test\build\classes\java\main started by bthai in D:\RIKKEI\LOP HOC\K24_PTIT\CNTT2\5. Java Webservices\Session 13\Demo_Api_Hackaton_Test)
2026-05-28T16:06:29.388+07:00  INFO 24836 --- [Demo_Api_Hackaton_Test] [restartedMain] ra.edu.DemoApiHackatonTestApplication    : No active profile set, falling back to 1 default profile: "default"
2026-05-28T16:06:29.523+07:00  INFO 24836 --- [Demo_Api_Hackaton_Test] [restartedMain] .s.d.r.c.RepositoryConfigurationDelegate : Bootstrapping Spring Data JPA repositories in DEFAULT mode.
2026-05-28T16:06:29.532+07:00  INFO 24836 --- [Demo_Api_Hackaton_Test] [restartedMain] .s.d.r.c.RepositoryConfigurationDelegate : Finished Spring Data repository scanning in 8 ms. Found 1 JPA repository interface.
2026-05-28T16:06:29.664+07:00  INFO 24836 --- [Demo_Api_Hackaton_Test] [restartedMain] o.s.boot.tomcat.TomcatWebServer          : Tomcat initialized with port 8080 (http)
2026-05-28T16:06:29.665+07:00  INFO 24836 --- [Demo_Api_Hackaton_Test] [restartedMain] o.apache.catalina.core.StandardService   : Starting service [Tomcat]
2026-05-28T16:06:29.666+07:00  INFO 24836 --- [Demo_Api_Hackaton_Test] [restartedMain] o.apache.catalina.core.StandardEngine    : Starting Servlet engine: [Apache Tomcat/11.0.21]
2026-05-28T16:06:29.703+07:00  INFO 24836 --- [Demo_Api_Hackaton_Test] [restartedMain] b.w.c.s.WebApplicationContextInitializer : Root WebApplicationContext: initialization completed in 313 ms
2026-05-28T16:06:29.868+07:00  INFO 24836 --- [Demo_Api_Hackaton_Test] [restartedMain] org.hibernate.orm.jpa                    : HHH008540: Processing PersistenceUnitInfo [name: default]
2026-05-28T16:06:29.922+07:00  INFO 24836 --- [Demo_Api_Hackaton_Test] [restartedMain] o.s.o.j.p.SpringPersistenceUnitInfo      : No LoadTimeWeaver setup: ignoring JPA class transformer
2026-05-28T16:06:29.923+07:00  INFO 24836 --- [Demo_Api_Hackaton_Test] [restartedMain] com.zaxxer.hikari.HikariDataSource       : HikariPool-4 - Starting...
2026-05-28T16:06:29.939+07:00  INFO 24836 --- [Demo_Api_Hackaton_Test] [restartedMain] com.zaxxer.hikari.pool.HikariPool        : HikariPool-4 - Added connection com.mysql.cj.jdbc.ConnectionImpl@3e8356a8
2026-05-28T16:06:29.939+07:00  INFO 24836 --- [Demo_Api_Hackaton_Test] [restartedMain] com.zaxxer.hikari.HikariDataSource       : HikariPool-4 - Start completed.
2026-05-28T16:06:29.943+07:00  WARN 24836 --- [Demo_Api_Hackaton_Test] [restartedMain] org.hibernate.orm.deprecation            : HHH90000025: MySQLDialect does not need to be specified explicitly using 'hibernate.dialect' (remove the property setting and it will be selected by default)
2026-05-28T16:06:29.944+07:00  INFO 24836 --- [Demo_Api_Hackaton_Test] [restartedMain] org.hibernate.orm.connections.pooling    : HHH10001005: Database info:
	Database JDBC URL [jdbc:mysql://localhost:3306/db_cntt2_hackathon_api?createDatabaseIfNotExist=true]
	Database driver: MySQL Connector/J
	Database dialect: MySQLDialect
	Database version: 8.0.45
	Default catalog/schema: db_cntt2_hackathon_api/undefined
	Autocommit mode: undefined/unknown
	Isolation level: REPEATABLE_READ [default REPEATABLE_READ]
	JDBC fetch size: none
	Pool: DataSourceConnectionProvider
	Minimum pool size: undefined/unknown
	Maximum pool size: undefined/unknown
2026-05-28T16:06:29.981+07:00  INFO 24836 --- [Demo_Api_Hackaton_Test] [restartedMain] org.hibernate.orm.core                   : HHH000489: No JTA platform available (set 'hibernate.transaction.jta.platform' to enable JTA platform integration)
2026-05-28T16:06:29.994+07:00  INFO 24836 --- [Demo_Api_Hackaton_Test] [restartedMain] j.LocalContainerEntityManagerFactoryBean : Initialized JPA EntityManagerFactory for persistence unit 'default'
2026-05-28T16:06:30.121+07:00  WARN 24836 --- [Demo_Api_Hackaton_Test] [restartedMain] JpaBaseConfiguration$JpaWebConfiguration : spring.jpa.open-in-view is enabled by default. Therefore, database queries may be performed during view rendering. Explicitly configure spring.jpa.open-in-view to disable this warning
2026-05-28T16:06:30.364+07:00  INFO 24836 --- [Demo_Api_Hackaton_Test] [restartedMain] o.s.boot.tomcat.TomcatWebServer          : Tomcat started on port 8080 (http) with context path '/'
2026-05-28T16:06:30.366+07:00  INFO 24836 --- [Demo_Api_Hackaton_Test] [restartedMain] ra.edu.DemoApiHackatonTestApplication    : Started DemoApiHackatonTestApplication in 1.003 seconds (process running for 181.469)
2026-05-28T16:06:30.367+07:00  INFO 24836 --- [Demo_Api_Hackaton_Test] [restartedMain] .ConditionEvaluationDeltaLoggingListener : Condition evaluation unchanged
2026-05-28T16:06:31.747+07:00  INFO 24836 --- [Demo_Api_Hackaton_Test] [File Watcher] rtingClassPathChangeChangedEventListener : Restarting due to 1 class path change (1 addition, 0 deletions, 0 modifications)
2026-05-28T16:06:31.748+07:00  INFO 24836 --- [Demo_Api_Hackaton_Test] [Thread-13] o.s.boot.tomcat.GracefulShutdown         : Commencing graceful shutdown. Waiting for active requests to complete
2026-05-28T16:06:31.755+07:00  INFO 24836 --- [Demo_Api_Hackaton_Test] [tomcat-shutdown] o.s.boot.tomcat.GracefulShutdown         : Graceful shutdown complete
2026-05-28T16:06:31.757+07:00  INFO 24836 --- [Demo_Api_Hackaton_Test] [Thread-13] j.LocalContainerEntityManagerFactoryBean : Closing JPA EntityManagerFactory for persistence unit 'default'
2026-05-28T16:06:31.757+07:00  INFO 24836 --- [Demo_Api_Hackaton_Test] [Thread-13] com.zaxxer.hikari.HikariDataSource       : HikariPool-4 - Shutdown initiated...
2026-05-28T16:06:31.759+07:00  INFO 24836 --- [Demo_Api_Hackaton_Test] [Thread-13] com.zaxxer.hikari.HikariDataSource       : HikariPool-4 - Shutdown completed.
2026-05-28T16:06:31.885+07:00  INFO 24836 --- [Demo_Api_Hackaton_Test] [restartedMain] ra.edu.DemoApiHackatonTestApplication    : Starting DemoApiHackatonTestApplication using Java 21.0.9 with PID 24836 (D:\RIKKEI\LOP HOC\K24_PTIT\CNTT2\5. Java Webservices\Session 13\Demo_Api_Hackaton_Test\build\classes\java\main started by bthai in D:\RIKKEI\LOP HOC\K24_PTIT\CNTT2\5. Java Webservices\Session 13\Demo_Api_Hackaton_Test)
2026-05-28T16:06:31.887+07:00  INFO 24836 --- [Demo_Api_Hackaton_Test] [restartedMain] ra.edu.DemoApiHackatonTestApplication    : No active profile set, falling back to 1 default profile: "default"
2026-05-28T16:06:32.062+07:00  INFO 24836 --- [Demo_Api_Hackaton_Test] [restartedMain] .s.d.r.c.RepositoryConfigurationDelegate : Bootstrapping Spring Data JPA repositories in DEFAULT mode.
2026-05-28T16:06:32.072+07:00  INFO 24836 --- [Demo_Api_Hackaton_Test] [restartedMain] .s.d.r.c.RepositoryConfigurationDelegate : Finished Spring Data repository scanning in 8 ms. Found 1 JPA repository interface.
2026-05-28T16:06:32.148+07:00  INFO 24836 --- [Demo_Api_Hackaton_Test] [restartedMain] o.s.boot.tomcat.TomcatWebServer          : Tomcat initialized with port 8080 (http)
2026-05-28T16:06:32.148+07:00  INFO 24836 --- [Demo_Api_Hackaton_Test] [restartedMain] o.apache.catalina.core.StandardService   : Starting service [Tomcat]
2026-05-28T16:06:32.148+07:00  INFO 24836 --- [Demo_Api_Hackaton_Test] [restartedMain] o.apache.catalina.core.StandardEngine    : Starting Servlet engine: [Apache Tomcat/11.0.21]
2026-05-28T16:06:32.164+07:00  INFO 24836 --- [Demo_Api_Hackaton_Test] [restartedMain] b.w.c.s.WebApplicationContextInitializer : Root WebApplicationContext: initialization completed in 270 ms
2026-05-28T16:06:32.205+07:00  INFO 24836 --- [Demo_Api_Hackaton_Test] [restartedMain] org.hibernate.orm.jpa                    : HHH008540: Processing PersistenceUnitInfo [name: default]
2026-05-28T16:06:32.231+07:00  INFO 24836 --- [Demo_Api_Hackaton_Test] [restartedMain] o.s.o.j.p.SpringPersistenceUnitInfo      : No LoadTimeWeaver setup: ignoring JPA class transformer
2026-05-28T16:06:32.231+07:00  INFO 24836 --- [Demo_Api_Hackaton_Test] [restartedMain] com.zaxxer.hikari.HikariDataSource       : HikariPool-5 - Starting...
2026-05-28T16:06:32.241+07:00  INFO 24836 --- [Demo_Api_Hackaton_Test] [restartedMain] com.zaxxer.hikari.pool.HikariPool        : HikariPool-5 - Added connection com.mysql.cj.jdbc.ConnectionImpl@1396bed1
2026-05-28T16:06:32.241+07:00  INFO 24836 --- [Demo_Api_Hackaton_Test] [restartedMain] com.zaxxer.hikari.HikariDataSource       : HikariPool-5 - Start completed.
2026-05-28T16:06:32.243+07:00  WARN 24836 --- [Demo_Api_Hackaton_Test] [restartedMain] org.hibernate.orm.deprecation            : HHH90000025: MySQLDialect does not need to be specified explicitly using 'hibernate.dialect' (remove the property setting and it will be selected by default)
2026-05-28T16:06:32.243+07:00  INFO 24836 --- [Demo_Api_Hackaton_Test] [restartedMain] org.hibernate.orm.connections.pooling    : HHH10001005: Database info:
	Database JDBC URL [jdbc:mysql://localhost:3306/db_cntt2_hackathon_api?createDatabaseIfNotExist=true]
	Database driver: MySQL Connector/J
	Database dialect: MySQLDialect
	Database version: 8.0.45
	Default catalog/schema: db_cntt2_hackathon_api/undefined
	Autocommit mode: undefined/unknown
	Isolation level: REPEATABLE_READ [default REPEATABLE_READ]
	JDBC fetch size: none
	Pool: DataSourceConnectionProvider
	Minimum pool size: undefined/unknown
	Maximum pool size: undefined/unknown
2026-05-28T16:06:32.273+07:00  INFO 24836 --- [Demo_Api_Hackaton_Test] [restartedMain] org.hibernate.orm.core                   : HHH000489: No JTA platform available (set 'hibernate.transaction.jta.platform' to enable JTA platform integration)
2026-05-28T16:06:32.284+07:00  INFO 24836 --- [Demo_Api_Hackaton_Test] [restartedMain] j.LocalContainerEntityManagerFactoryBean : Initialized JPA EntityManagerFactory for persistence unit 'default'
2026-05-28T16:06:32.399+07:00  WARN 24836 --- [Demo_Api_Hackaton_Test] [restartedMain] JpaBaseConfiguration$JpaWebConfiguration : spring.jpa.open-in-view is enabled by default. Therefore, database queries may be performed during view rendering. Explicitly configure spring.jpa.open-in-view to disable this warning
2026-05-28T16:06:32.559+07:00  INFO 24836 --- [Demo_Api_Hackaton_Test] [restartedMain] o.s.boot.tomcat.TomcatWebServer          : Tomcat started on port 8080 (http) with context path '/'
2026-05-28T16:06:32.561+07:00  INFO 24836 --- [Demo_Api_Hackaton_Test] [restartedMain] ra.edu.DemoApiHackatonTestApplication    : Started DemoApiHackatonTestApplication in 0.734 seconds (process running for 183.664)
2026-05-28T16:06:32.561+07:00  INFO 24836 --- [Demo_Api_Hackaton_Test] [restartedMain] .ConditionEvaluationDeltaLoggingListener : Condition evaluation unchanged
2026-05-28T16:20:42.512+07:00  INFO 24836 --- [Demo_Api_Hackaton_Test] [File Watcher] rtingClassPathChangeChangedEventListener : Restarting due to 3 class path changes (0 additions, 3 deletions, 0 modifications)
2026-05-28T16:20:42.514+07:00  INFO 24836 --- [Demo_Api_Hackaton_Test] [Thread-17] o.s.boot.tomcat.GracefulShutdown         : Commencing graceful shutdown. Waiting for active requests to complete
2026-05-28T16:20:42.519+07:00  INFO 24836 --- [Demo_Api_Hackaton_Test] [tomcat-shutdown] o.s.boot.tomcat.GracefulShutdown         : Graceful shutdown complete
2026-05-28T16:20:42.521+07:00  INFO 24836 --- [Demo_Api_Hackaton_Test] [Thread-17] j.LocalContainerEntityManagerFactoryBean : Closing JPA EntityManagerFactory for persistence unit 'default'
2026-05-28T16:20:42.522+07:00  INFO 24836 --- [Demo_Api_Hackaton_Test] [Thread-17] com.zaxxer.hikari.HikariDataSource       : HikariPool-5 - Shutdown initiated...
2026-05-28T16:20:42.528+07:00  INFO 24836 --- [Demo_Api_Hackaton_Test] [Thread-17] com.zaxxer.hikari.HikariDataSource       : HikariPool-5 - Shutdown completed.
2026-05-28T16:20:42.602+07:00  INFO 24836 --- [Demo_Api_Hackaton_Test] [restartedMain] ra.edu.DemoApiHackatonTestApplication    : Starting DemoApiHackatonTestApplication using Java 21.0.9 with PID 24836 (D:\RIKKEI\LOP HOC\K24_PTIT\CNTT2\5. Java Webservices\Session 13\Demo_Api_Hackaton_Test\build\classes\java\main started by bthai in D:\RIKKEI\LOP HOC\K24_PTIT\CNTT2\5. Java Webservices\Session 13\Demo_Api_Hackaton_Test)
2026-05-28T16:20:42.603+07:00  INFO 24836 --- [Demo_Api_Hackaton_Test] [restartedMain] ra.edu.DemoApiHackatonTestApplication    : No active profile set, falling back to 1 default profile: "default"
2026-05-28T16:20:42.798+07:00  INFO 24836 --- [Demo_Api_Hackaton_Test] [restartedMain] .s.d.r.c.RepositoryConfigurationDelegate : Bootstrapping Spring Data JPA repositories in DEFAULT mode.
2026-05-28T16:20:42.815+07:00  INFO 24836 --- [Demo_Api_Hackaton_Test] [restartedMain] .s.d.r.c.RepositoryConfigurationDelegate : Finished Spring Data repository scanning in 16 ms. Found 1 JPA repository interface.
2026-05-28T16:20:43.118+07:00  INFO 24836 --- [Demo_Api_Hackaton_Test] [restartedMain] o.s.boot.tomcat.TomcatWebServer          : Tomcat initialized with port 8080 (http)
2026-05-28T16:20:43.119+07:00  INFO 24836 --- [Demo_Api_Hackaton_Test] [restartedMain] o.apache.catalina.core.StandardService   : Starting service [Tomcat]
2026-05-28T16:20:43.119+07:00  INFO 24836 --- [Demo_Api_Hackaton_Test] [restartedMain] o.apache.catalina.core.StandardEngine    : Starting Servlet engine: [Apache Tomcat/11.0.21]
2026-05-28T16:20:43.163+07:00  INFO 24836 --- [Demo_Api_Hackaton_Test] [restartedMain] b.w.c.s.WebApplicationContextInitializer : Root WebApplicationContext: initialization completed in 558 ms
2026-05-28T16:20:43.294+07:00  INFO 24836 --- [Demo_Api_Hackaton_Test] [restartedMain] org.hibernate.orm.jpa                    : HHH008540: Processing PersistenceUnitInfo [name: default]
2026-05-28T16:20:43.443+07:00  INFO 24836 --- [Demo_Api_Hackaton_Test] [restartedMain] o.s.o.j.p.SpringPersistenceUnitInfo      : No LoadTimeWeaver setup: ignoring JPA class transformer
2026-05-28T16:20:43.445+07:00  INFO 24836 --- [Demo_Api_Hackaton_Test] [restartedMain] com.zaxxer.hikari.HikariDataSource       : HikariPool-6 - Starting...
2026-05-28T16:20:43.486+07:00  INFO 24836 --- [Demo_Api_Hackaton_Test] [restartedMain] com.zaxxer.hikari.pool.HikariPool        : HikariPool-6 - Added connection com.mysql.cj.jdbc.ConnectionImpl@5eb81fb4
2026-05-28T16:20:43.487+07:00  INFO 24836 --- [Demo_Api_Hackaton_Test] [restartedMain] com.zaxxer.hikari.HikariDataSource       : HikariPool-6 - Start completed.
2026-05-28T16:20:43.491+07:00  WARN 24836 --- [Demo_Api_Hackaton_Test] [restartedMain] org.hibernate.orm.deprecation            : HHH90000025: MySQLDialect does not need to be specified explicitly using 'hibernate.dialect' (remove the property setting and it will be selected by default)
2026-05-28T16:20:43.493+07:00  INFO 24836 --- [Demo_Api_Hackaton_Test] [restartedMain] org.hibernate.orm.connections.pooling    : HHH10001005: Database info:
	Database JDBC URL [jdbc:mysql://localhost:3306/db_cntt2_hackathon_api?createDatabaseIfNotExist=true]
	Database driver: MySQL Connector/J
	Database dialect: MySQLDialect
	Database version: 8.0.45
	Default catalog/schema: db_cntt2_hackathon_api/undefined
	Autocommit mode: undefined/unknown
	Isolation level: REPEATABLE_READ [default REPEATABLE_READ]
	JDBC fetch size: none
	Pool: DataSourceConnectionProvider
	Minimum pool size: undefined/unknown
	Maximum pool size: undefined/unknown
2026-05-28T16:20:43.590+07:00  INFO 24836 --- [Demo_Api_Hackaton_Test] [restartedMain] org.hibernate.orm.core                   : HHH000489: No JTA platform available (set 'hibernate.transaction.jta.platform' to enable JTA platform integration)
2026-05-28T16:20:43.618+07:00  INFO 24836 --- [Demo_Api_Hackaton_Test] [restartedMain] j.LocalContainerEntityManagerFactoryBean : Initialized JPA EntityManagerFactory for persistence unit 'default'
2026-05-28T16:20:43.716+07:00  WARN 24836 --- [Demo_Api_Hackaton_Test] [restartedMain] JpaBaseConfiguration$JpaWebConfiguration : spring.jpa.open-in-view is enabled by default. Therefore, database queries may be performed during view rendering. Explicitly configure spring.jpa.open-in-view to disable this warning
2026-05-28T16:20:44.410+07:00  INFO 24836 --- [Demo_Api_Hackaton_Test] [restartedMain] o.s.boot.tomcat.TomcatWebServer          : Tomcat started on port 8080 (http) with context path '/'
2026-05-28T16:20:44.413+07:00  INFO 24836 --- [Demo_Api_Hackaton_Test] [restartedMain] ra.edu.DemoApiHackatonTestApplication    : Started DemoApiHackatonTestApplication in 1.835 seconds (process running for 1035.516)
2026-05-28T16:20:44.417+07:00  INFO 24836 --- [Demo_Api_Hackaton_Test] [restartedMain] .ConditionEvaluationDeltaLoggingListener : Condition evaluation unchanged
2026-05-28T16:20:44.728+07:00  INFO 24836 --- [Demo_Api_Hackaton_Test] [http-nio-8080-exec-2] o.a.c.c.C.[Tomcat].[localhost].[/]       : Initializing Spring DispatcherServlet 'dispatcherServlet'
2026-05-28T16:20:44.729+07:00  INFO 24836 --- [Demo_Api_Hackaton_Test] [http-nio-8080-exec-2] o.s.web.servlet.DispatcherServlet        : Initializing Servlet 'dispatcherServlet'
2026-05-28T16:20:44.729+07:00  INFO 24836 --- [Demo_Api_Hackaton_Test] [http-nio-8080-exec-2] o.s.web.servlet.DispatcherServlet        : Completed initialization in 0 ms
2026-05-28T16:20:45.649+07:00  INFO 24836 --- [Demo_Api_Hackaton_Test] [File Watcher] rtingClassPathChangeChangedEventListener : Restarting due to 3 class path changes (3 additions, 0 deletions, 0 modifications)
2026-05-28T16:20:45.650+07:00  INFO 24836 --- [Demo_Api_Hackaton_Test] [Thread-21] o.s.boot.tomcat.GracefulShutdown         : Commencing graceful shutdown. Waiting for active requests to complete
2026-05-28T16:20:45.657+07:00  INFO 24836 --- [Demo_Api_Hackaton_Test] [tomcat-shutdown] o.s.boot.tomcat.GracefulShutdown         : Graceful shutdown complete
2026-05-28T16:20:45.660+07:00  INFO 24836 --- [Demo_Api_Hackaton_Test] [Thread-21] j.LocalContainerEntityManagerFactoryBean : Closing JPA EntityManagerFactory for persistence unit 'default'
2026-05-28T16:20:45.661+07:00  INFO 24836 --- [Demo_Api_Hackaton_Test] [Thread-21] com.zaxxer.hikari.HikariDataSource       : HikariPool-6 - Shutdown initiated...
2026-05-28T16:20:45.667+07:00  INFO 24836 --- [Demo_Api_Hackaton_Test] [Thread-21] com.zaxxer.hikari.HikariDataSource       : HikariPool-6 - Shutdown completed.
2026-05-28T16:20:45.754+07:00  INFO 24836 --- [Demo_Api_Hackaton_Test] [restartedMain] ra.edu.DemoApiHackatonTestApplication    : Starting DemoApiHackatonTestApplication using Java 21.0.9 with PID 24836 (D:\RIKKEI\LOP HOC\K24_PTIT\CNTT2\5. Java Webservices\Session 13\Demo_Api_Hackaton_Test\build\classes\java\main started by bthai in D:\RIKKEI\LOP HOC\K24_PTIT\CNTT2\5. Java Webservices\Session 13\Demo_Api_Hackaton_Test)
2026-05-28T16:20:45.754+07:00  INFO 24836 --- [Demo_Api_Hackaton_Test] [restartedMain] ra.edu.DemoApiHackatonTestApplication    : No active profile set, falling back to 1 default profile: "default"
2026-05-28T16:20:45.967+07:00  INFO 24836 --- [Demo_Api_Hackaton_Test] [restartedMain] .s.d.r.c.RepositoryConfigurationDelegate : Bootstrapping Spring Data JPA repositories in DEFAULT mode.
2026-05-28T16:20:46.014+07:00  INFO 24836 --- [Demo_Api_Hackaton_Test] [restartedMain] .s.d.r.c.RepositoryConfigurationDelegate : Finished Spring Data repository scanning in 44 ms. Found 1 JPA repository interface.
2026-05-28T16:20:46.499+07:00  INFO 24836 --- [Demo_Api_Hackaton_Test] [restartedMain] o.s.boot.tomcat.TomcatWebServer          : Tomcat initialized with port 8080 (http)
2026-05-28T16:20:46.502+07:00  INFO 24836 --- [Demo_Api_Hackaton_Test] [restartedMain] o.apache.catalina.core.StandardService   : Starting service [Tomcat]
2026-05-28T16:20:46.503+07:00  INFO 24836 --- [Demo_Api_Hackaton_Test] [restartedMain] o.apache.catalina.core.StandardEngine    : Starting Servlet engine: [Apache Tomcat/11.0.21]
2026-05-28T16:20:46.566+07:00  INFO 24836 --- [Demo_Api_Hackaton_Test] [restartedMain] b.w.c.s.WebApplicationContextInitializer : Root WebApplicationContext: initialization completed in 810 ms
2026-05-28T16:20:46.684+07:00  INFO 24836 --- [Demo_Api_Hackaton_Test] [restartedMain] org.hibernate.orm.jpa                    : HHH008540: Processing PersistenceUnitInfo [name: default]
2026-05-28T16:20:46.732+07:00  INFO 24836 --- [Demo_Api_Hackaton_Test] [restartedMain] o.s.o.j.p.SpringPersistenceUnitInfo      : No LoadTimeWeaver setup: ignoring JPA class transformer
2026-05-28T16:20:46.733+07:00  INFO 24836 --- [Demo_Api_Hackaton_Test] [restartedMain] com.zaxxer.hikari.HikariDataSource       : HikariPool-7 - Starting...
2026-05-28T16:20:46.750+07:00  INFO 24836 --- [Demo_Api_Hackaton_Test] [restartedMain] com.zaxxer.hikari.pool.HikariPool        : HikariPool-7 - Added connection com.mysql.cj.jdbc.ConnectionImpl@4c3979de
2026-05-28T16:20:46.750+07:00  INFO 24836 --- [Demo_Api_Hackaton_Test] [restartedMain] com.zaxxer.hikari.HikariDataSource       : HikariPool-7 - Start completed.
2026-05-28T16:20:46.752+07:00  WARN 24836 --- [Demo_Api_Hackaton_Test] [restartedMain] org.hibernate.orm.deprecation            : HHH90000025: MySQLDialect does not need to be specified explicitly using 'hibernate.dialect' (remove the property setting and it will be selected by default)
2026-05-28T16:20:46.753+07:00  INFO 24836 --- [Demo_Api_Hackaton_Test] [restartedMain] org.hibernate.orm.connections.pooling    : HHH10001005: Database info:
	Database JDBC URL [jdbc:mysql://localhost:3306/db_cntt2_hackathon_api?createDatabaseIfNotExist=true]
	Database driver: MySQL Connector/J
	Database dialect: MySQLDialect
	Database version: 8.0.45
	Default catalog/schema: db_cntt2_hackathon_api/undefined
	Autocommit mode: undefined/unknown
	Isolation level: REPEATABLE_READ [default REPEATABLE_READ]
	JDBC fetch size: none
	Pool: DataSourceConnectionProvider
	Minimum pool size: undefined/unknown
	Maximum pool size: undefined/unknown
2026-05-28T16:20:46.829+07:00  INFO 24836 --- [Demo_Api_Hackaton_Test] [restartedMain] org.hibernate.orm.core                   : HHH000489: No JTA platform available (set 'hibernate.transaction.jta.platform' to enable JTA platform integration)
2026-05-28T16:20:46.856+07:00  INFO 24836 --- [Demo_Api_Hackaton_Test] [restartedMain] j.LocalContainerEntityManagerFactoryBean : Initialized JPA EntityManagerFactory for persistence unit 'default'
2026-05-28T16:20:47.034+07:00  WARN 24836 --- [Demo_Api_Hackaton_Test] [restartedMain] JpaBaseConfiguration$JpaWebConfiguration : spring.jpa.open-in-view is enabled by default. Therefore, database queries may be performed during view rendering. Explicitly configure spring.jpa.open-in-view to disable this warning
2026-05-28T16:20:47.284+07:00  INFO 24836 --- [Demo_Api_Hackaton_Test] [restartedMain] o.s.boot.tomcat.TomcatWebServer          : Tomcat started on port 8080 (http) with context path '/'
2026-05-28T16:20:47.286+07:00  INFO 24836 --- [Demo_Api_Hackaton_Test] [restartedMain] ra.edu.DemoApiHackatonTestApplication    : Started DemoApiHackatonTestApplication in 1.564 seconds (process running for 1038.388)
2026-05-28T16:20:47.287+07:00  INFO 24836 --- [Demo_Api_Hackaton_Test] [restartedMain] .ConditionEvaluationDeltaLoggingListener : Condition evaluation unchanged
2026-05-28T16:20:48.455+07:00  INFO 24836 --- [Demo_Api_Hackaton_Test] [http-nio-8080-exec-3] o.a.c.c.C.[Tomcat].[localhost].[/]       : Initializing Spring DispatcherServlet 'dispatcherServlet'
2026-05-28T16:20:48.455+07:00  INFO 24836 --- [Demo_Api_Hackaton_Test] [http-nio-8080-exec-3] o.s.web.servlet.DispatcherServlet        : Initializing Servlet 'dispatcherServlet'
2026-05-28T16:20:48.456+07:00  INFO 24836 --- [Demo_Api_Hackaton_Test] [http-nio-8080-exec-3] o.s.web.servlet.DispatcherServlet        : Completed initialization in 1 ms
2026-05-28T16:20:48.459+07:00  INFO 24836 --- [Demo_Api_Hackaton_Test] [http-nio-8080-exec-3] ra.edu.aop.LoggingAop                    : Phương thức getMedications được gọi
2026-05-28T16:20:51.816+07:00  INFO 24836 --- [Demo_Api_Hackaton_Test] [http-nio-8080-exec-4] ra.edu.aop.LoggingAop                    : Phương thức getMedications được gọi
2026-05-28T16:21:37.371+07:00  INFO 24836 --- [Demo_Api_Hackaton_Test] [SpringApplicationShutdownHook] o.s.boot.tomcat.GracefulShutdown         : Commencing graceful shutdown. Waiting for active requests to complete
2026-05-28T16:21:37.376+07:00  INFO 24836 --- [Demo_Api_Hackaton_Test] [tomcat-shutdown] o.s.boot.tomcat.GracefulShutdown         : Graceful shutdown complete
2026-05-28T16:21:37.377+07:00  INFO 24836 --- [Demo_Api_Hackaton_Test] [SpringApplicationShutdownHook] j.LocalContainerEntityManagerFactoryBean : Closing JPA EntityManagerFactory for persistence unit 'default'
2026-05-28T16:21:37.378+07:00  INFO 24836 --- [Demo_Api_Hackaton_Test] [SpringApplicationShutdownHook] com.zaxxer.hikari.HikariDataSource       : HikariPool-7 - Shutdown initiated...
2026-05-28T16:21:37.380+07:00  INFO 24836 --- [Demo_Api_Hackaton_Test] [SpringApplicationShutdownHook] com.zaxxer.hikari.HikariDataSource       : HikariPool-7 - Shutdown completed.
